<?xml version="1.0" encoding="UTF-8"?>
<testsuite name="LearningProgressTrackerTest" tests="1" skipped="0" failures="0" errors="0" timestamp="2023-11-13T17:51:17" hostname="macbook-pro-uzivatela-cuninka.home" time="0.798">
  <properties/>
  <testcase name="start" classname="LearningProgressTrackerTest" time="0.798"/>
  <system-out><![CDATA[?[1;31m
Start test 1?[0m
Learning Progress Tracker > > back
Enter 'exit' to exit the program.> exit
Bye!
?[1;31m
Start test 2?[0m
Learning Progress Tracker > > 
?[1;31m
Start test 3?[0m
Learning Progress Tracker > >   
?[1;31m
Start test 4?[0m
Learning Progress Tracker > > 	
?[1;31m
Start test 5?[0m
Learning Progress Tracker > >  	
?[1;31m
Start test 6?[0m
Learning Progress Tracker > > abc
?[1;31m
Start test 7?[0m
Learning Progress Tracker > > quit
?[1;31m
Start test 8?[0m
Learning Progress Tracker > >   brexit 
?[1;31m
Start test 9?[0m
Learning Progress Tracker > > exi  t
?[1;31m
Start test 10?[0m
Learning Progress Tracker > > ?
?[1;31m
Start test 11?[0m
Learning Progress Tracker > > break
?[1;31m
Start test 12?[0m
Learning Progress Tracker > > -exit
?[1;31m
Start test 13?[0m
Learning Progress Tracker > > Ctrl+C
?[1;31m
Start test 14?[0m
Learning Progress Tracker > > exit please
?[1;31m
Start test 15?[0m
Learning Progress Tracker > > :q
?[1;31m
Start test 16?[0m
Learning Progress Tracker > > add students
Enter student credentials or 'back' to return:> exit
Incorrect credentials. Please enter at least first name, last name, and email separated by spaces.
> back
Total 0 students have been added.> back
Enter 'exit' to exit the program.> exit
Bye!
?[1;31m
Start test 17?[0m
Learning Progress Tracker > > add students
Enter student credentials or 'back' to return:> John Smith jsmith@hotmail.com
The student has been added.
> Anny Doolittle anny.md@mail.edu
The student has been added.
> Jean-Claude O'Connor jcda123@google.net
The student has been added.
> Mary Emelianenko 125367at@zzz90.z9
The student has been added.
> Al Owen u15da125@a1s2f4f7.a1c2c5s4
The student has been added.
> Robert Jemison Van de Graaff robertvdgraaff@mit.edu
The student has been added.
> Ed Eden a1@a1.a1
The student has been added.
> na'me s-u ii@ii.ii
The student has been added.
> n'a me su aa-b'b ab@ab.ab
The student has been added.
> nA me 1@1.1
The student has been added.
> back
?[1;31m
Start test 18?[0m
Learning Progress Tracker > > add students
Enter student credentials or 'back' to return:> 
Incorrect credentials. Please enter at least first name, last name, and email separated by spaces.
>  	
Incorrect credentials. Please enter at least first name, last name, and email separated by spaces.
> name surname
Incorrect credentials. Please enter at least first name, last name, and email separated by spaces.
> n surname email@email.xyz
Incorrect first name.
> 'name surname email@email.xyz
Incorrect first name.
> -name surname email@email.xyz
Incorrect first name.
> name- surname email@email.xyz
Incorrect first name.
> name' surname email@email.xyz
Incorrect first name.
> nam-'e surname email@email.xyz
Incorrect first name.
> na'-me surname email@email.xyz
Incorrect first name.
> na--me surname email@email.xyz
Incorrect first name.
> na''me surname email@email.xyz
Incorrect first name.
> námé surname email@email.xyz
Incorrect first name.
> name s email@email.xyz
Incorrect last name.
> name -surname email@email.xyz
Incorrect last name.
> name 'surname email@email.xyz
Incorrect last name.
> name surnam''e email@email.xyz
Incorrect last name.
> name surn--ame email@email.xyz
Incorrect last name.
> name s'-urname email@email.xyz
Incorrect last name.
> name su-'rname email@email.xyz
Incorrect last name.
> name surname- email@email.xyz
Incorrect last name.
> name surname' email@email.xyz
Incorrect last name.
> name surnámé email@email.xyz
Incorrect last name.
> name surname emailemail.xyz
Incorrect email.
> name surname email@emailxyz
Incorrect email.
> name surname email@e@mail.xyz
Incorrect email.
> back
?[1;31m
Start test 19?[0m
Learning Progress Tracker > > add students
Enter student credentials or 'back' to return:> back
Total 0 students have been added.> list
No students found.
?[1;31m
Start test 20?[0m
Learning Progress Tracker > > add students
Enter student credentials or 'back' to return:> Ricki Trovillion address1@mail.com
The student has been added.
> Ricki Trovillion address1@mail.com
This email is already taken.
> Lebbie Alabaster address2@mail.com
The student has been added.
> Lebbie Alabaster address2@mail.com
This email is already taken.
> Roxi Hett address3@mail.com
The student has been added.
> Roxi Hett address3@mail.com
This email is already taken.
> Starlin Griz address4@mail.com
The student has been added.
> Starlin Griz address4@mail.com
This email is already taken.
> Dolley Panther address5@mail.com
The student has been added.
> Dolley Panther address5@mail.com
This email is already taken.
> Toby Bleier address6@mail.com
The student has been added.
> Toby Bleier address6@mail.com
This email is already taken.
> Trixie Winer address7@mail.com
The student has been added.
> Trixie Winer address7@mail.com
This email is already taken.
> Marisa Firman address8@mail.com
The student has been added.
> Marisa Firman address8@mail.com
This email is already taken.
> Amye Uriisa address9@mail.com
The student has been added.
> Amye Uriisa address9@mail.com
This email is already taken.
> Natka Herculie address10@mail.com
The student has been added.
> Natka Herculie address10@mail.com
This email is already taken.
> Charlena Girardo address11@mail.com
The student has been added.
> Charlena Girardo address11@mail.com
This email is already taken.
> Brandise Hardan address12@mail.com
The student has been added.
> Brandise Hardan address12@mail.com
This email is already taken.
> back
?[1;31m
Start test 21?[0m
Learning Progress Tracker > > add students
Enter student credentials or 'back' to return:> Toby Bleier address1@mail.com
The student has been added.
> Alexina Belcher address2@mail.com
The student has been added.
> Karee Antoinetta address3@mail.com
The student has been added.
> Hedwig Wally address4@mail.com
The student has been added.
> Lebbie Alabaster address5@mail.com
The student has been added.
> Olga Rosanne address6@mail.com
The student has been added.
> Dolley Panther address7@mail.com
The student has been added.
> Elysha Quinlan address8@mail.com
The student has been added.
> Trixie Winer address9@mail.com
The student has been added.
> Aurie Dorisa address10@mail.com
The student has been added.
> Gwenette Kironde address11@mail.com
The student has been added.
> Leola Whelan address12@mail.com
The student has been added.
> back
Total 12 students have been added.> list
Students:
10000
10001
10002
10003
10004
10005
10006
10007
10008
10009
10010
10011
?[1;31m
Start test 22?[0m
Learning Progress Tracker > > add points
Enter an id and points or 'back' to return:> back
Returning to the main menu.
> back
Enter 'exit' to exit the program.> exit
Bye!
?[1;31m
Start test 23?[0m
Learning Progress Tracker > > add students
Enter student credentials or 'back' to return:> Ann Agnella address1@mail.com
The student has been added.
> Charlena Girardo address2@mail.com
The student has been added.
> Karee Antoinetta address3@mail.com
The student has been added.
> Jermaine Naaman address4@mail.com
The student has been added.
> Elwira Florrie address5@mail.com
The student has been added.
> Aurie Dorisa address6@mail.com
The student has been added.
> back
Total 6 students have been added.> list
Students:
10000
10001
10002
10003
10004
10005
> add points
Enter an id and points or 'back' to return:> 10000 
Incorrect points format.
> 10000 -1 1 1 1
Incorrect points format.
> 10000 1 1 2 A
Incorrect points format.
> 10000 1 1 1
Incorrect points format.
> 10000 1 1 1 1 1
Incorrect points format.
> imsurethereisnosuchstudentid 1 1 1 1
No student is found for id=imsurethereisnosuchstudentid.
?[1;31m
Start test 24?[0m
Learning Progress Tracker > > add students
Enter student credentials or 'back' to return:> Hedwig Wally address1@mail.com
The student has been added.
> Gwenette Anagnos address2@mail.com
The student has been added.
> Van Fawnia address3@mail.com
The student has been added.
> Amye Uriisa address4@mail.com
The student has been added.
> Dalia Gleeson address5@mail.com
The student has been added.
> Elwira Florrie address6@mail.com
The student has been added.
> back
Total 6 students have been added.> list
Students:
10000
10001
10002
10003
10004
10005
> add points
Enter an id and points or 'back' to return:> 10000 9 9 1 9
Points updated.> 10001 7 2 10 7
Points updated.> 10002 4 7 4 2
Points updated.> 10003 4 6 1 3
Points updated.> 10004 10 8 2 7
Points updated.> 10005 2 6 9 9
?[1;31m
Start test 25?[0m
Learning Progress Tracker > > find
Enter an id or 'back' to return: > back
> back
Enter 'exit' to exit the program.> exit
Bye!
?[1;31m
Start test 26?[0m
Learning Progress Tracker > > add students
Enter student credentials or 'back' to return:> Leola Whelan address1@mail.com
The student has been added.
> Brandise Hardan address2@mail.com
The student has been added.
> Beatrisa Jegar address3@mail.com
The student has been added.
> Dolley Panther address4@mail.com
The student has been added.
> Gwenette Anagnos address5@mail.com
The student has been added.
> back
Total 5 students have been added.> list
Students:
10000
10001
10002
10003
10004
> add points
Enter an id and points or 'back' to return:> 10000 0 0 0 0
Points updated.> 10000 0 0 0 0
Points updated.> 10001 1 1 1 1
Points updated.> 10001 1 1 1 1
Points updated.> 10002 2 2 2 2
Points updated.> 10002 2 2 2 2
Points updated.> 10003 3 3 3 3
Points updated.> 10003 3 3 3 3
Points updated.> 10004 4 4 4 4
Points updated.> 10004 4 4 4 4
Points updated.> back
Returning to the main menu.
> find
Enter an id or 'back' to return: > 10000
10000 points: Java=0; DSA=0; Databases=0; Spring=0
> 10001
10001 points: Java=2; DSA=2; Databases=2; Spring=2
> 10002
10002 points: Java=4; DSA=4; Databases=4; Spring=4
> 10003
10003 points: Java=6; DSA=6; Databases=6; Spring=6
> 10004
10004 points: Java=8; DSA=8; Databases=8; Spring=8
]]></system-out>
  <system-err><![CDATA[]]></system-err>
</testsuite>
