<?xml version="1.0" encoding="UTF-8"?>
<testsuite name="LearningProgressTrackerTest" tests="1" skipped="1" failures="0" errors="0" timestamp="2023-10-19T10:51:08" hostname="macbook-pro-uzivatela-cuninka.home" time="0.691">
  <properties/>
  <testcase name="start" classname="LearningProgressTrackerTest" time="0.691">
    <skipped/>
  </testcase>
  <system-out><![CDATA[?[1;31m
Start test 1?[0m
Learning Progress Tracker > > back
Enter 'exit' to exit the program.> exit
Bye!
?[1;31m
Start test 2?[0m
Learning Progress Tracker > > 
?[1;31m
Start test 3?[0m
Learning Progress Tracker > >   
?[1;31m
Start test 4?[0m
Learning Progress Tracker > > 	
?[1;31m
Start test 5?[0m
Learning Progress Tracker > >  	
?[1;31m
Start test 6?[0m
Learning Progress Tracker > > abc
?[1;31m
Start test 7?[0m
Learning Progress Tracker > > quit
?[1;31m
Start test 8?[0m
Learning Progress Tracker > >   brexit 
?[1;31m
Start test 9?[0m
Learning Progress Tracker > > exi  t
?[1;31m
Start test 10?[0m
Learning Progress Tracker > > ?
?[1;31m
Start test 11?[0m
Learning Progress Tracker > > break
?[1;31m
Start test 12?[0m
Learning Progress Tracker > > -exit
?[1;31m
Start test 13?[0m
Learning Progress Tracker > > Ctrl+C
?[1;31m
Start test 14?[0m
Learning Progress Tracker > > exit please
?[1;31m
Start test 15?[0m
Learning Progress Tracker > > :q
?[1;31m
Start test 16?[0m
Learning Progress Tracker > > add students
Enter student credentials or 'back' to return:> exit
Bye!
]]></system-out>
  <system-err><![CDATA[]]></system-err>
</testsuite>
