<?xml version="1.0" encoding="UTF-8"?>
<testsuite name="LearningProgressTrackerTest" tests="1" skipped="0" failures="0" errors="0" timestamp="2023-09-28T16:01:00" hostname="macbook-pro-uzivatela-cuninka.home" time="0.223">
  <properties/>
  <testcase name="start" classname="LearningProgressTrackerTest" time="0.223"/>
  <system-out><![CDATA[?[1;31m
Start test 1?[0m
Learning Progress Tracker > > 
No input.
?[1;31m
Start test 2?[0m
Learning Progress Tracker > >   
No input.
?[1;31m
Start test 3?[0m
Learning Progress Tracker > > 	
No input.
?[1;31m
Start test 4?[0m
Learning Progress Tracker > >  	
No input.
?[1;31m
Start test 5?[0m
Learning Progress Tracker > > exit
Bye!
?[1;31m
Start test 6?[0m
Learning Progress Tracker > > abc
Unknown command!
?[1;31m
Start test 7?[0m
Learning Progress Tracker > > quit
Unknown command!
?[1;31m
Start test 8?[0m
Learning Progress Tracker > >   brexit 
Unknown command!
?[1;31m
Start test 9?[0m
Learning Progress Tracker > > exi  t
Unknown command!
?[1;31m
Start test 10?[0m
Learning Progress Tracker > > help
Unknown command!
?[1;31m
Start test 11?[0m
Learning Progress Tracker > > break
Unknown command!
?[1;31m
Start test 12?[0m
Learning Progress Tracker > > -help
Unknown command!
?[1;31m
Start test 13?[0m
Learning Progress Tracker > > Ctrl+C
Unknown command!
?[1;31m
Start test 14?[0m
Learning Progress Tracker > > exit please
Unknown command!
?[1;31m
Start test 15?[0m
Learning Progress Tracker > > :q
Unknown command!
]]></system-out>
  <system-err><![CDATA[]]></system-err>
</testsuite>
