<?xml version="1.0" encoding="UTF-8"?>
<testsuite name="tracker.SampleTest" tests="1" skipped="0" failures="0" errors="0" timestamp="2023-11-26T11:32:19" hostname="macbook-pro-uzivatela-cuninka.home" time="0.019">
  <properties/>
  <testcase name="test()" classname="tracker.SampleTest" time="0.019"/>
  <system-out><![CDATA[]]></system-out>
  <system-err><![CDATA[]]></system-err>
</testsuite>
