<?xml version="1.0" encoding="UTF-8"?>
<testsuite name="tracker.SampleTest" tests="1" skipped="0" failures="0" errors="0" timestamp="2023-10-16T20:30:10" hostname="macbook-pro-uzivatela-cuninka.home" time="0.034">
  <properties/>
  <testcase name="test()" classname="tracker.SampleTest" time="0.034"/>
  <system-out><![CDATA[]]></system-out>
  <system-err><![CDATA[]]></system-err>
</testsuite>
